2017-1-24 09:19:06 main DEBUG Loading source class com.chan.App
2017-1-24 09:19:06 main DEBUG Activated profiles dev
2017-1-24 09:19:06 main DEBUG Loaded config file 'classpath:/application.properties'
2017-1-24 09:19:06 main DEBUG Loaded config file 'classpath:/application-dev.properties'
2017-1-24 09:19:06 main DEBUG Skipped (empty) config file 'classpath:/application-dev.properties' for profile dev
2017-1-24 09:19:06 main DEBUG Skipped (empty) config file 'classpath:/application.properties' for profile dev
2017-1-24 09:19:06 main DEBUG Skipped (empty) config file 'classpath:/application-dev.properties' for profile default
2017-1-24 09:19:06 main DEBUG Skipped (empty) config file 'classpath:/application.properties' for profile default
2017-1-24 09:19:06 main INFO Refreshing org.springframework.boot.context.embedded.AnnotationConfigEmbeddedWebApplicationContext@1ca8de8: startup date [Tue Jan 24 09:19:06 CST 2017]; root of context hierarchy
2017-1-24 09:19:06 main DEBUG Bean factory for org.springframework.boot.context.embedded.AnnotationConfigEmbeddedWebApplicationContext@1ca8de8: org.springframework.beans.factory.support.DefaultListableBeanFactory@4fa0a: defining beans [org.springframework.context.annotation.internalConfigurationAnnotationProcessor,org.springframework.context.annotation.internalAutowiredAnnotationProcessor,org.springframework.context.annotation.internalRequiredAnnotationProcessor,org.springframework.context.annotation.internalCommonAnnotationProcessor,org.springframework.context.annotation.internalPersistenceAnnotationProcessor,org.springframework.context.event.internalEventListenerProcessor,org.springframework.context.event.internalEventListenerFactory,app]; root of factory hierarchy
2017-1-24 09:19:08 main DEBUG @EnableAutoConfiguration was declared on a class in the package 'com.chan'. Automatic @Repository and @Entity scanning is enabled.
2017-1-24 09:19:09 main DEBUG Unable to locate MessageSource with name 'messageSource': using default [org.springframework.context.support.DelegatingMessageSource@1e788f]
2017-1-24 09:19:09 main DEBUG Using ApplicationEventMulticaster [org.springframework.context.event.SimpleApplicationEventMulticaster@472566]
2017-1-24 09:19:10 main DEBUG Code archive: E:\javaTools2\everyMaven\springBoot\apacheMaven339\org\springframework\boot\spring-boot\1.3.3.RELEASE\spring-boot-1.3.3.RELEASE.jar
2017-1-24 09:19:10 main DEBUG Code archive: E:\javaTools2\everyMaven\springBoot\apacheMaven339\org\springframework\boot\spring-boot\1.3.3.RELEASE\spring-boot-1.3.3.RELEASE.jar
2017-1-24 09:19:10 main DEBUG Document root: E:\javaTools\eclipseWorkspaceOne\shiro\SpringBootStudy3\src\main\webapp
2017-1-24 09:19:10 main INFO Tomcat initialized with port(s): 8080 (http)
2017-1-24 09:19:10 localhost-startStop-1 DEBUG Added existing Servlet initializer bean 'dispatcherServletRegistration'; order=2147483647, resource=class path resource [org/springframework/boot/autoconfigure/web/DispatcherServletAutoConfiguration$DispatcherServletConfiguration.class]
2017-1-24 09:19:10 localhost-startStop-1 DEBUG Created Filter initializer for bean 'characterEncodingFilter'; order=-2147483648, resource=class path resource [org/springframework/boot/autoconfigure/web/HttpEncodingAutoConfiguration.class]
2017-1-24 09:19:10 localhost-startStop-1 DEBUG Created Filter initializer for bean 'hiddenHttpMethodFilter'; order=-10000, resource=class path resource [org/springframework/boot/autoconfigure/web/WebMvcAutoConfiguration.class]
2017-1-24 09:19:10 localhost-startStop-1 DEBUG Created Filter initializer for bean 'httpPutFormContentFilter'; order=-9900, resource=class path resource [org/springframework/boot/autoconfigure/web/WebMvcAutoConfiguration.class]
2017-1-24 09:19:10 localhost-startStop-1 DEBUG Created Filter initializer for bean 'requestContextFilter'; order=-105, resource=class path resource [org/springframework/boot/autoconfigure/web/WebMvcAutoConfiguration$WebMvcAutoConfigurationAdapter.class]
2017-1-24 09:19:10 localhost-startStop-1 DEBUG Created Filter initializer for bean 'shiroFilterFactoryBean'; order=2147483647, resource=class path resource [com/chan/config/shiro/ShiroConfiguration.class]
2017-1-24 09:19:10 localhost-startStop-1 INFO Mapping servlet: 'dispatcherServlet' to [/]
2017-1-24 09:19:10 localhost-startStop-1 INFO Mapping filter: 'characterEncodingFilter' to: [/*]
2017-1-24 09:19:10 localhost-startStop-1 INFO Mapping filter: 'hiddenHttpMethodFilter' to: [/*]
2017-1-24 09:19:10 localhost-startStop-1 INFO Mapping filter: 'httpPutFormContentFilter' to: [/*]
2017-1-24 09:19:10 localhost-startStop-1 INFO Mapping filter: 'requestContextFilter' to: [/*]
2017-1-24 09:19:10 localhost-startStop-1 INFO Mapping filter: 'shiroFilterFactoryBean' to: [/*]
2017-1-24 09:19:10 localhost-startStop-1 DEBUG Initializing filter 'requestContextFilter'
2017-1-24 09:19:10 localhost-startStop-1 DEBUG Filter 'requestContextFilter' configured successfully
2017-1-24 09:19:10 localhost-startStop-1 DEBUG Initializing filter 'httpPutFormContentFilter'
2017-1-24 09:19:10 localhost-startStop-1 DEBUG Filter 'httpPutFormContentFilter' configured successfully
2017-1-24 09:19:10 localhost-startStop-1 DEBUG Initializing filter 'hiddenHttpMethodFilter'
2017-1-24 09:19:10 localhost-startStop-1 DEBUG Filter 'hiddenHttpMethodFilter' configured successfully
2017-1-24 09:19:10 localhost-startStop-1 DEBUG Initializing filter 'characterEncodingFilter'
2017-1-24 09:19:10 localhost-startStop-1 DEBUG Filter 'characterEncodingFilter' configured successfully
2017-1-24 09:19:13 main DEBUG Unable to locate LifecycleProcessor with name 'lifecycleProcessor': using default [org.springframework.context.support.DefaultLifecycleProcessor@76ad40]
2017-1-24 09:19:13 main DEBUG 


=========================
AUTO-CONFIGURATION REPORT
=========================


Positive matches:
-----------------

   AopAutoConfiguration matched
      - @ConditionalOnClass classes found: org.springframework.context.annotation.EnableAspectJAutoProxy,org.aspectj.lang.annotation.Aspect,org.aspectj.lang.reflect.Advice (OnClassCondition)
      - matched (OnPropertyCondition)

   AopAutoConfiguration.JdkDynamicAutoProxyConfiguration matched
      - matched (OnPropertyCondition)

   DataSourceAutoConfiguration matched
      - @ConditionalOnClass classes found: javax.sql.DataSource,org.springframework.jdbc.datasource.embedded.EmbeddedDatabaseType (OnClassCondition)

   DataSourceAutoConfiguration.DataSourceInitializerConfiguration matched
      - @ConditionalOnMissingBean (types: org.springframework.boot.autoconfigure.jdbc.DataSourceInitializer; SearchStrategy: all) found no beans (OnBeanCondition)

   DataSourceAutoConfiguration.JdbcTemplateConfiguration matched
      - existing auto database detected (DataSourceAutoConfiguration.DataSourceAvailableCondition)
      - existing bean configured database detected (DataSourceAutoConfiguration.DataSourceAvailableCondition)

   DataSourceAutoConfiguration.JdbcTemplateConfiguration#jdbcTemplate matched
      - @ConditionalOnMissingBean (types: org.springframework.jdbc.core.JdbcOperations; SearchStrategy: all) found no beans (OnBeanCondition)

   DataSourceAutoConfiguration.JdbcTemplateConfiguration#namedParameterJdbcTemplate matched
      - @ConditionalOnMissingBean (types: org.springframework.jdbc.core.namedparam.NamedParameterJdbcOperations; SearchStrategy: all) found no beans (OnBeanCondition)

   DataSourcePoolMetadataProvidersConfiguration.TomcatDataSourcePoolMetadataProviderConfiguration matched
      - @ConditionalOnClass classes found: org.apache.tomcat.jdbc.pool.DataSource (OnClassCondition)

   DataSourceTransactionManagerAutoConfiguration matched
      - @ConditionalOnClass classes found: org.springframework.jdbc.core.JdbcTemplate,org.springframework.transaction.PlatformTransactionManager (OnClassCondition)

   DataSourceTransactionManagerAutoConfiguration.TransactionManagementConfiguration matched
      - @ConditionalOnMissingBean (types: org.springframework.transaction.annotation.AbstractTransactionManagementConfiguration; SearchStrategy: all) found no beans (OnBeanCondition)

   DispatcherServletAutoConfiguration matched
      - @ConditionalOnClass classes found: org.springframework.web.servlet.DispatcherServlet (OnClassCondition)
      - found web application StandardServletEnvironment (OnWebApplicationCondition)

   DispatcherServletAutoConfiguration.DispatcherServletConfiguration matched
      - @ConditionalOnClass classes found: javax.servlet.ServletRegistration (OnClassCondition)
      - no ServletRegistrationBean found (DispatcherServletAutoConfiguration.DefaultDispatcherServletCondition)

   EmbeddedServletContainerAutoConfiguration matched
      - found web application StandardServletEnvironment (OnWebApplicationCondition)

   EmbeddedServletContainerAutoConfiguration.EmbeddedTomcat matched
      - @ConditionalOnClass classes found: javax.servlet.Servlet,org.apache.catalina.startup.Tomcat (OnClassCondition)
      - @ConditionalOnMissingBean (types: org.springframework.boot.context.embedded.EmbeddedServletContainerFactory; SearchStrategy: current) found no beans (OnBeanCondition)

   ErrorMvcAutoConfiguration matched
      - @ConditionalOnClass classes found: javax.servlet.Servlet,org.springframework.web.servlet.DispatcherServlet (OnClassCondition)
      - found web application StandardServletEnvironment (OnWebApplicationCondition)

   ErrorMvcAutoConfiguration#basicErrorController matched
      - @ConditionalOnMissingBean (types: org.springframework.boot.autoconfigure.web.ErrorController; SearchStrategy: current) found no beans (OnBeanCondition)

   ErrorMvcAutoConfiguration#errorAttributes matched
      - @ConditionalOnMissingBean (types: org.springframework.boot.autoconfigure.web.ErrorAttributes; SearchStrategy: current) found no beans (OnBeanCondition)

   ErrorMvcAutoConfiguration.WhitelabelErrorViewConfiguration matched
      - No error template view detected (ErrorMvcAutoConfiguration.ErrorTemplateMissingCondition)
      - matched (OnPropertyCondition)

   ErrorMvcAutoConfiguration.WhitelabelErrorViewConfiguration#beanNameViewResolver matched
      - @ConditionalOnMissingBean (types: org.springframework.web.servlet.view.BeanNameViewResolver; SearchStrategy: all) found no beans (OnBeanCondition)

   ErrorMvcAutoConfiguration.WhitelabelErrorViewConfiguration#defaultErrorView matched
      - @ConditionalOnMissingBean (names: error; SearchStrategy: all) found no beans (OnBeanCondition)

   GenericCacheConfiguration matched
      - Automatic cache type (CacheCondition)

   HibernateJpaAutoConfiguration matched
      - @ConditionalOnClass classes found: org.springframework.orm.jpa.LocalContainerEntityManagerFactoryBean,org.springframework.transaction.annotation.EnableTransactionManagement,javax.persistence.EntityManager (OnClassCondition)
      - found HibernateEntityManager class (HibernateJpaAutoConfiguration.HibernateEntityManagerCondition)

   HttpEncodingAutoConfiguration matched
      - @ConditionalOnClass classes found: org.springframework.web.filter.CharacterEncodingFilter (OnClassCondition)
      - matched (OnPropertyCondition)

   HttpEncodingAutoConfiguration#characterEncodingFilter matched
      - @ConditionalOnMissingBean (types: org.springframework.web.filter.CharacterEncodingFilter; SearchStrategy: all) found no beans (OnBeanCondition)

   HttpMessageConvertersAutoConfiguration matched
      - @ConditionalOnClass classes found: org.springframework.http.converter.HttpMessageConverter (OnClassCondition)

   HttpMessageConvertersAutoConfiguration#messageConverters matched
      - @ConditionalOnMissingBean (types: org.springframework.boot.autoconfigure.web.HttpMessageConverters; SearchStrategy: all) found no beans (OnBeanCondition)

   HttpMessageConvertersAutoConfiguration.StringHttpMessageConverterConfiguration matched
      - @ConditionalOnClass classes found: org.springframework.http.converter.StringHttpMessageConverter (OnClassCondition)

   HttpMessageConvertersAutoConfiguration.StringHttpMessageConverterConfiguration#stringHttpMessageConverter matched
      - @ConditionalOnMissingBean (types: org.springframework.http.converter.StringHttpMessageConverter; SearchStrategy: all) found no beans (OnBeanCondition)

   JacksonAutoConfiguration matched
      - @ConditionalOnClass classes found: com.fasterxml.jackson.databind.ObjectMapper (OnClassCondition)

   JacksonAutoConfiguration.JacksonObjectMapperBuilderConfiguration matched
      - @ConditionalOnClass classes found: com.fasterxml.jackson.databind.ObjectMapper,org.springframework.http.converter.json.Jackson2ObjectMapperBuilder (OnClassCondition)

   JacksonAutoConfiguration.JacksonObjectMapperBuilderConfiguration#jacksonObjectMapperBuilder matched
      - @ConditionalOnMissingBean (types: org.springframework.http.converter.json.Jackson2ObjectMapperBuilder; SearchStrategy: all) found no beans (OnBeanCondition)

   JacksonAutoConfiguration.JacksonObjectMapperConfiguration matched
      - @ConditionalOnClass classes found: com.fasterxml.jackson.databind.ObjectMapper,org.springframework.http.converter.json.Jackson2ObjectMapperBuilder (OnClassCondition)

   JacksonAutoConfiguration.JacksonObjectMapperConfiguration#jacksonObjectMapper matched
      - @ConditionalOnMissingBean (types: com.fasterxml.jackson.databind.ObjectMapper; SearchStrategy: all) found no beans (OnBeanCondition)

   JacksonHttpMessageConvertersConfiguration.MappingJackson2HttpMessageConverterConfiguration matched
      - @ConditionalOnClass classes found: com.fasterxml.jackson.databind.ObjectMapper (OnClassCondition)
      - matched (OnPropertyCondition)
      - @ConditionalOnBean (types: com.fasterxml.jackson.databind.ObjectMapper; SearchStrategy: all) found the following [jacksonObjectMapper] (OnBeanCondition)

   JacksonHttpMessageConvertersConfiguration.MappingJackson2HttpMessageConverterConfiguration#mappingJackson2HttpMessageConverter matched
      - @ConditionalOnMissingBean (types: org.springframework.http.converter.json.MappingJackson2HttpMessageConverter; SearchStrategy: all) found no beans (OnBeanCondition)

   JmxAutoConfiguration matched
      - @ConditionalOnClass classes found: org.springframework.jmx.export.MBeanExporter (OnClassCondition)
      - matched (OnPropertyCondition)

   JmxAutoConfiguration#mbeanExporter matched
      - @ConditionalOnMissingBean (types: org.springframework.jmx.export.MBeanExporter; SearchStrategy: current) found no beans (OnBeanCondition)

   JmxAutoConfiguration#mbeanServer matched
      - @ConditionalOnMissingBean (types: javax.management.MBeanServer; SearchStrategy: all) found no beans (OnBeanCondition)

   JmxAutoConfiguration#objectNamingStrategy matched
      - @ConditionalOnMissingBean (types: org.springframework.jmx.export.naming.ObjectNamingStrategy; SearchStrategy: current) found no beans (OnBeanCondition)

   JpaBaseConfiguration#entityManagerFactory matched
      - @ConditionalOnMissingBean (types: org.springframework.orm.jpa.LocalContainerEntityManagerFactoryBean,javax.persistence.EntityManagerFactory; SearchStrategy: all) found no beans (OnBeanCondition)

   JpaBaseConfiguration#entityManagerFactoryBuilder matched
      - @ConditionalOnMissingBean (types: org.springframework.boot.orm.jpa.EntityManagerFactoryBuilder; SearchStrategy: all) found no beans (OnBeanCondition)

   JpaBaseConfiguration#jpaVendorAdapter matched
      - @ConditionalOnMissingBean (types: org.springframework.orm.jpa.JpaVendorAdapter; SearchStrategy: all) found no beans (OnBeanCondition)

   JpaBaseConfiguration#transactionManager matched
      - @ConditionalOnMissingBean (types: org.springframework.transaction.PlatformTransactionManager; SearchStrategy: all) found no beans (OnBeanCondition)

   JpaBaseConfiguration.JpaWebConfiguration matched
      - @ConditionalOnClass classes found: org.springframework.web.servlet.config.annotation.WebMvcConfigurerAdapter (OnClassCondition)
      - found web application StandardServletEnvironment (OnWebApplicationCondition)
      - matched (OnPropertyCondition)
      - @ConditionalOnMissingBean (types: org.springframework.orm.jpa.support.OpenEntityManagerInViewInterceptor,org.springframework.orm.jpa.support.OpenEntityManagerInViewFilter; SearchStrategy: all) found no beans (OnBeanCondition)

   JpaRepositoriesAutoConfiguration matched
      - @ConditionalOnClass classes found: org.springframework.data.jpa.repository.JpaRepository (OnClassCondition)
      - matched (OnPropertyCondition)
      - @ConditionalOnBean (types: javax.sql.DataSource; SearchStrategy: all) found the following [selfDatasource] @ConditionalOnMissingBean (types: org.springframework.data.jpa.repository.support.JpaRepositoryFactoryBean,org.springframework.data.jpa.repository.config.JpaRepositoryConfigExtension; SearchStrategy: all) found no beans (OnBeanCondition)

   JtaAutoConfiguration matched
      - @ConditionalOnClass classes found: javax.transaction.Transaction (OnClassCondition)
      - matched (OnPropertyCondition)

   MultipartAutoConfiguration matched
      - @ConditionalOnClass classes found: javax.servlet.Servlet,org.springframework.web.multipart.support.StandardServletMultipartResolver,javax.servlet.MultipartConfigElement (OnClassCondition)
      - matched (OnPropertyCondition)

   MultipartAutoConfiguration#multipartConfigElement matched
      - @ConditionalOnMissingBean (types: javax.servlet.MultipartConfigElement; SearchStrategy: all) found no beans (OnBeanCondition)

   MultipartAutoConfiguration#multipartResolver matched
      - @ConditionalOnMissingBean (types: org.springframework.web.multipart.MultipartResolver; SearchStrategy: all) found no beans (OnBeanCondition)

   MybatisAutoConfiguration matched
      - @ConditionalOnClass classes found: org.apache.ibatis.session.SqlSessionFactory,org.mybatis.spring.SqlSessionFactoryBean (OnClassCondition)
      - @ConditionalOnBean (types: javax.sql.DataSource; SearchStrategy: all) found the following [selfDatasource] (OnBeanCondition)

   MybatisAutoConfiguration.MapperScannerRegistrarNotFoundConfiguration matched
      - @ConditionalOnMissingBean (types: org.mybatis.spring.mapper.MapperFactoryBean; SearchStrategy: all) found no beans (OnBeanCondition)

   NoOpCacheConfiguration matched
      - Automatic cache type (CacheCondition)

   PersistenceExceptionTranslationAutoConfiguration matched
      - @ConditionalOnClass classes found: org.springframework.dao.annotation.PersistenceExceptionTranslationPostProcessor (OnClassCondition)

   PersistenceExceptionTranslationAutoConfiguration#persistenceExceptionTranslationPostProcessor matched
      - @ConditionalOnMissingBean (types: org.springframework.dao.annotation.PersistenceExceptionTranslationPostProcessor; SearchStrategy: all) found no beans (OnBeanCondition)
      - matched (OnPropertyCondition)

   PropertyPlaceholderAutoConfiguration#propertySourcesPlaceholderConfigurer matched
      - @ConditionalOnMissingBean (types: org.springframework.context.support.PropertySourcesPlaceholderConfigurer; SearchStrategy: current) found no beans (OnBeanCondition)

   RedisCacheConfiguration matched
      - Automatic cache type (CacheCondition)

   ServerPropertiesAutoConfiguration matched
      - found web application StandardServletEnvironment (OnWebApplicationCondition)

   ServerPropertiesAutoConfiguration#serverProperties matched
      - @ConditionalOnMissingBean (types: org.springframework.boot.autoconfigure.web.ServerProperties; SearchStrategy: current) found no beans (OnBeanCondition)

   SimpleCacheConfiguration matched
      - Automatic cache type (CacheCondition)

   SpringDataWebAutoConfiguration matched
      - @ConditionalOnClass classes found: org.springframework.data.web.PageableHandlerMethodArgumentResolver,org.springframework.web.servlet.config.annotation.WebMvcConfigurerAdapter (OnClassCondition)
      - found web application StandardServletEnvironment (OnWebApplicationCondition)
      - @ConditionalOnMissingBean (types: org.springframework.data.web.PageableHandlerMethodArgumentResolver; SearchStrategy: all) found no beans (OnBeanCondition)

   ThymeleafAutoConfiguration matched
      - @ConditionalOnClass classes found: org.thymeleaf.spring4.SpringTemplateEngine (OnClassCondition)

   ThymeleafAutoConfiguration.DefaultTemplateResolverConfiguration matched
      - @ConditionalOnMissingBean (names: defaultTemplateResolver; SearchStrategy: all) found no beans (OnBeanCondition)

   ThymeleafAutoConfiguration.ThymeleafDefaultConfiguration matched
      - @ConditionalOnMissingBean (types: org.thymeleaf.spring4.SpringTemplateEngine; SearchStrategy: all) found no beans (OnBeanCondition)

   ThymeleafAutoConfiguration.ThymeleafResourceHandlingConfig matched
      - found web application StandardServletEnvironment (OnWebApplicationCondition)

   ThymeleafAutoConfiguration.ThymeleafViewResolverConfiguration matched
      - @ConditionalOnClass classes found: javax.servlet.Servlet (OnClassCondition)
      - found web application StandardServletEnvironment (OnWebApplicationCondition)

   ThymeleafAutoConfiguration.ThymeleafViewResolverConfiguration#thymeleafViewResolver matched
      - @ConditionalOnMissingBean (names: thymeleafViewResolver; SearchStrategy: all) found no beans (OnBeanCondition)
      - matched (OnPropertyCondition)

   ThymeleafAutoConfiguration.ThymeleafWebLayoutConfiguration matched
      - @ConditionalOnClass classes found: nz.net.ultraq.thymeleaf.LayoutDialect (OnClassCondition)

   ThymeleafAutoConfiguration.ThymeleafWebLayoutConfiguration#layoutDialect matched
      - @ConditionalOnMissingBean (types: nz.net.ultraq.thymeleaf.LayoutDialect; SearchStrategy: all) found no beans (OnBeanCondition)

   TransactionAutoConfiguration matched
      - @ConditionalOnClass classes found: org.springframework.transaction.support.TransactionTemplate,org.springframework.transaction.PlatformTransactionManager (OnClassCondition)
      - @ConditionalOnSingleCandidate (types: org.springframework.transaction.PlatformTransactionManager; SearchStrategy: all) found a primary candidate amongst the following [transactionManager] (OnBeanCondition)

   TransactionAutoConfiguration#transactionTemplate matched
      - @ConditionalOnMissingBean (types: org.springframework.transaction.support.TransactionTemplate; SearchStrategy: all) found no beans (OnBeanCondition)

   WebMvcAutoConfiguration matched
      - @ConditionalOnClass classes found: javax.servlet.Servlet,org.springframework.web.servlet.DispatcherServlet,org.springframework.web.servlet.config.annotation.WebMvcConfigurerAdapter (OnClassCondition)
      - found web application StandardServletEnvironment (OnWebApplicationCondition)
      - @ConditionalOnMissingBean (types: org.springframework.web.servlet.config.annotation.WebMvcConfigurationSupport; SearchStrategy: all) found no beans (OnBeanCondition)

   WebMvcAutoConfiguration#hiddenHttpMethodFilter matched
      - @ConditionalOnMissingBean (types: org.springframework.web.filter.HiddenHttpMethodFilter; SearchStrategy: all) found no beans (OnBeanCondition)

   WebMvcAutoConfiguration#httpPutFormContentFilter matched
      - @ConditionalOnMissingBean (types: org.springframework.web.filter.HttpPutFormContentFilter; SearchStrategy: all) found no beans (OnBeanCondition)

   WebMvcAutoConfiguration.WebMvcAutoConfigurationAdapter#beanNameViewResolver matched
      - @ConditionalOnBean (types: org.springframework.web.servlet.View; SearchStrategy: all) found the following [error] (OnBeanCondition)

   WebMvcAutoConfiguration.WebMvcAutoConfigurationAdapter#defaultViewResolver matched
      - @ConditionalOnMissingBean (types: org.springframework.web.servlet.view.InternalResourceViewResolver; SearchStrategy: all) found no beans (OnBeanCondition)

   WebMvcAutoConfiguration.WebMvcAutoConfigurationAdapter#requestContextFilter matched
      - @ConditionalOnMissingBean (types: org.springframework.web.context.request.RequestContextListener,org.springframework.web.filter.RequestContextFilter; SearchStrategy: all) found no beans (OnBeanCondition)

   WebMvcAutoConfiguration.WebMvcAutoConfigurationAdapter#viewResolver matched
      - @ConditionalOnBean (types: org.springframework.web.servlet.ViewResolver; SearchStrategy: all) found the following [defaultViewResolver, beanNameViewResolver, mvcViewResolver] @ConditionalOnMissingBean (names: viewResolver; types: org.springframework.web.servlet.view.ContentNegotiatingViewResolver; SearchStrategy: all) found no beans (OnBeanCondition)

   WebMvcAutoConfiguration.WebMvcAutoConfigurationAdapter.FaviconConfiguration matched
      - matched (OnPropertyCondition)

   WebSocketAutoConfiguration matched
      - @ConditionalOnClass classes found: javax.servlet.Servlet,javax.websocket.server.ServerContainer (OnClassCondition)
      - found web application StandardServletEnvironment (OnWebApplicationCondition)

   WebSocketAutoConfiguration.TomcatWebSocketConfiguration matched
      - @ConditionalOnClass classes found: org.apache.catalina.startup.Tomcat,org.apache.tomcat.websocket.server.WsSci (OnClassCondition)

   WebSocketAutoConfiguration.TomcatWebSocketConfiguration#websocketContainerCustomizer matched
      - Required JVM version 1.7 or newer found 1.8 (OnJavaCondition)
      - @ConditionalOnMissingBean (names: websocketContainerCustomizer; SearchStrategy: all) found no beans (OnBeanCondition)


Negative matches:
-----------------

   ActiveMQAutoConfiguration did not match
      - required @ConditionalOnClass classes not found: javax.jms.ConnectionFactory,org.apache.activemq.ActiveMQConnectionFactory (OnClassCondition)

   AopAutoConfiguration.CglibAutoProxyConfiguration did not match
      - @ConditionalOnProperty missing required properties spring.aop.proxy-target-class  (OnPropertyCondition)

   ArtemisAutoConfiguration did not match
      - required @ConditionalOnClass classes not found: javax.jms.ConnectionFactory,org.apache.activemq.artemis.jms.client.ActiveMQConnectionFactory (OnClassCondition)

   AtomikosJtaConfiguration did not match
      - required @ConditionalOnClass classes not found: com.atomikos.icatch.jta.UserTransactionManager (OnClassCondition)

   BatchAutoConfiguration did not match
      - required @ConditionalOnClass classes not found: org.springframework.batch.core.launch.JobLauncher (OnClassCondition)

   BitronixJtaConfiguration did not match
      - required @ConditionalOnClass classes not found: bitronix.tm.jndi.BitronixContext (OnClassCondition)

   CacheAutoConfiguration did not match
      - @ConditionalOnClass classes found: org.springframework.cache.CacheManager (OnClassCondition)
      - @ConditionalOnBean (types: org.springframework.cache.interceptor.CacheAspectSupport; SearchStrategy: all) found no beans (OnBeanCondition)

   CacheAutoConfiguration.CacheManagerJpaDependencyConfiguration did not match
      - @ConditionalOnClass classes found: org.springframework.orm.jpa.LocalContainerEntityManagerFactoryBean (OnClassCondition)
      - Ancestor 'org.springframework.boot.autoconfigure.cache.CacheAutoConfiguration' did not match (ConditionEvaluationReport.AncestorsMatchedCondition)

   CassandraAutoConfiguration did not match
      - required @ConditionalOnClass classes not found: com.datastax.driver.core.Cluster (OnClassCondition)

   CassandraDataAutoConfiguration did not match
      - required @ConditionalOnClass classes not found: com.datastax.driver.core.Cluster,org.springframework.data.cassandra.core.CassandraAdminOperations (OnClassCondition)

   CassandraRepositoriesAutoConfiguration did not match
      - required @ConditionalOnClass classes not found: com.datastax.driver.core.Session,org.springframework.data.cassandra.repository.CassandraRepository (OnClassCondition)

   CloudAutoConfiguration did not match
      - required @ConditionalOnClass classes not found: org.springframework.cloud.config.java.CloudScanConfiguration (OnClassCondition)

   DataSourceAutoConfiguration.EmbeddedConfiguration did not match
      - existing non-embedded database detected (DataSourceAutoConfiguration.EmbeddedDataSourceCondition)

   DataSourceAutoConfiguration.NonEmbeddedConfiguration did not match
      - supported DataSource class found (DataSourceAutoConfiguration.NonEmbeddedDataSourceCondition)
      - @ConditionalOnMissingBean (types: javax.sql.DataSource,javax.sql.XADataSource; SearchStrategy: all) found the following [selfDatasource] (OnBeanCondition)

   DataSourceAutoConfiguration.TomcatDataSourceJmxConfiguration did not match
      - @ConditionalOnClass classes found: org.apache.tomcat.jdbc.pool.DataSourceProxy (OnClassCondition)
      - existing auto database detected (DataSourceAutoConfiguration.DataSourceAvailableCondition)
      - @ConditionalOnProperty missing required properties spring.datasource.jmx-enabled  (OnPropertyCondition)

   DataSourcePoolMetadataProvidersConfiguration.CommonsDbcp2PoolDataSourceMetadataProviderConfiguration did not match
      - required @ConditionalOnClass classes not found: org.apache.commons.dbcp2.BasicDataSource (OnClassCondition)

   DataSourcePoolMetadataProvidersConfiguration.CommonsDbcpPoolDataSourceMetadataProviderConfiguration did not match
      - required @ConditionalOnClass classes not found: org.apache.commons.dbcp.BasicDataSource (OnClassCondition)

   DataSourcePoolMetadataProvidersConfiguration.HikariPoolDataSourceMetadataProviderConfiguration did not match
      - required @ConditionalOnClass classes not found: com.zaxxer.hikari.HikariDataSource (OnClassCondition)

   DataSourceTransactionManagerAutoConfiguration#transactionManager did not match
      - @ConditionalOnMissingBean (types: org.springframework.transaction.PlatformTransactionManager; SearchStrategy: all) found the following [transactionManager] (OnBeanCondition)

   DeviceDelegatingViewResolverAutoConfiguration did not match
      - required @ConditionalOnClass classes not found: org.springframework.mobile.device.view.LiteDeviceDelegatingViewResolver (OnClassCondition)

   DeviceResolverAutoConfiguration did not match
      - required @ConditionalOnClass classes not found: org.springframework.mobile.device.DeviceResolverHandlerInterceptor,org.springframework.mobile.device.DeviceHandlerMethodArgumentResolver (OnClassCondition)

   DispatcherServletAutoConfiguration.DispatcherServletConfiguration#multipartResolver did not match
      - @ConditionalOnBean (types: org.springframework.web.multipart.MultipartResolver; SearchStrategy: all) found no beans (OnBeanCondition)

   EhCacheCacheConfiguration did not match
      - required @ConditionalOnClass classes not found: net.sf.ehcache.Cache,org.springframework.cache.ehcache.EhCacheCacheManager (OnClassCondition)

   ElasticsearchAutoConfiguration did not match
      - required @ConditionalOnClass classes not found: org.elasticsearch.client.Client,org.springframework.data.elasticsearch.client.TransportClientFactoryBean,org.springframework.data.elasticsearch.client.NodeClientFactoryBean (OnClassCondition)

   ElasticsearchDataAutoConfiguration did not match
      - required @ConditionalOnClass classes not found: org.elasticsearch.client.Client,org.springframework.data.elasticsearch.core.ElasticsearchTemplate (OnClassCondition)

   ElasticsearchRepositoriesAutoConfiguration did not match
      - required @ConditionalOnClass classes not found: org.elasticsearch.client.Client,org.springframework.data.elasticsearch.repository.ElasticsearchRepository (OnClassCondition)

   EmbeddedMongoAutoConfiguration did not match
      - required @ConditionalOnClass classes not found: com.mongodb.Mongo,de.flapdoodle.embed.mongo.MongodStarter (OnClassCondition)

   EmbeddedServletContainerAutoConfiguration.EmbeddedJetty did not match
      - required @ConditionalOnClass classes not found: org.eclipse.jetty.server.Server,org.eclipse.jetty.util.Loader,org.eclipse.jetty.webapp.WebAppContext (OnClassCondition)

   EmbeddedServletContainerAutoConfiguration.EmbeddedUndertow did not match
      - required @ConditionalOnClass classes not found: io.undertow.Undertow,org.xnio.SslClientAuthMode (OnClassCondition)

   FacebookAutoConfiguration did not match
      - required @ConditionalOnClass classes not found: org.springframework.social.config.annotation.SocialConfigurerAdapter,org.springframework.social.facebook.connect.FacebookConnectionFactory (OnClassCondition)

   FallbackWebSecurityAutoConfiguration did not match
      - required @ConditionalOnClass classes not found: org.springframework.security.config.annotation.web.configuration.EnableWebSecurity (OnClassCondition)

   FlywayAutoConfiguration did not match
      - required @ConditionalOnClass classes not found: org.flywaydb.core.Flyway (OnClassCondition)

   FreeMarkerAutoConfiguration did not match
      - required @ConditionalOnClass classes not found: freemarker.template.Configuration,org.springframework.ui.freemarker.FreeMarkerConfigurationFactory (OnClassCondition)

   GroovyTemplateAutoConfiguration did not match
      - required @ConditionalOnClass classes not found: groovy.text.markup.MarkupTemplateEngine (OnClassCondition)

   GsonAutoConfiguration did not match
      - required @ConditionalOnClass classes not found: com.google.gson.Gson (OnClassCondition)

   GsonHttpMessageConvertersConfiguration did not match
      - required @ConditionalOnClass classes not found: com.google.gson.Gson (OnClassCondition)

   GuavaCacheConfiguration did not match
      - required @ConditionalOnClass classes not found: com.google.common.cache.CacheBuilder,org.springframework.cache.guava.GuavaCacheManager (OnClassCondition)

   H2ConsoleAutoConfiguration did not match
      - @ConditionalOnClass classes found: org.h2.server.web.WebServlet (OnClassCondition)
      - found web application StandardServletEnvironment (OnWebApplicationCondition)
      - @ConditionalOnProperty missing required properties spring.h2.console.enabled  (OnPropertyCondition)

   HazelcastAutoConfiguration did not match
      - required @ConditionalOnClass classes not found: com.hazelcast.core.HazelcastInstance (OnClassCondition)

   HazelcastCacheConfiguration did not match
      - required @ConditionalOnClass classes not found: com.hazelcast.core.HazelcastInstance,com.hazelcast.spring.cache.HazelcastCacheManager (OnClassCondition)

   HazelcastJpaDependencyAutoConfiguration did not match
      - required @ConditionalOnClass classes not found: com.hazelcast.core.HazelcastInstance (OnClassCondition)

   HornetQAutoConfiguration did not match
      - required @ConditionalOnClass classes not found: javax.jms.ConnectionFactory,org.hornetq.api.jms.HornetQJMSClient (OnClassCondition)

   HypermediaAutoConfiguration did not match
      - required @ConditionalOnClass classes not found: org.springframework.hateoas.Resource,org.springframework.plugin.core.Plugin (OnClassCondition)

   InfinispanCacheConfiguration did not match
      - required @ConditionalOnClass classes not found: org.infinispan.spring.provider.SpringEmbeddedCacheManager (OnClassCondition)

   IntegrationAutoConfiguration did not match
      - required @ConditionalOnClass classes not found: org.springframework.integration.config.EnableIntegration (OnClassCondition)

   JCacheCacheConfiguration did not match
      - required @ConditionalOnClass classes not found: javax.cache.Caching,org.springframework.cache.jcache.JCacheCacheManager (OnClassCondition)

   JacksonAutoConfiguration.JodaDateTimeJacksonConfiguration did not match
      - required @ConditionalOnClass classes not found: org.joda.time.DateTime,com.fasterxml.jackson.datatype.joda.ser.DateTimeSerializer,com.fasterxml.jackson.datatype.joda.cfg.JacksonJodaDateFormat (OnClassCondition)

   JacksonAutoConfiguration.ParameterNamesModuleConfiguration did not match
      - required @ConditionalOnClass classes not found: com.fasterxml.jackson.module.paramnames.ParameterNamesModule (OnClassCondition)

   JacksonHttpMessageConvertersConfiguration.MappingJackson2XmlHttpMessageConverterConfiguration did not match
      - required @ConditionalOnClass classes not found: com.fasterxml.jackson.dataformat.xml.XmlMapper (OnClassCondition)

   JerseyAutoConfiguration did not match
      - required @ConditionalOnClass classes not found: org.glassfish.jersey.server.spring.SpringComponentProvider (OnClassCondition)

   JmsAutoConfiguration did not match
      - required @ConditionalOnClass classes not found: org.springframework.jms.core.JmsTemplate (OnClassCondition)

   JndiConnectionFactoryAutoConfiguration did not match
      - required @ConditionalOnClass classes not found: org.springframework.jms.core.JmsTemplate (OnClassCondition)

   JndiDataSourceAutoConfiguration did not match
      - @ConditionalOnClass classes found: javax.sql.DataSource,org.springframework.jdbc.datasource.embedded.EmbeddedDatabaseType (OnClassCondition)
      - @ConditionalOnProperty missing required properties spring.datasource.jndi-name  (OnPropertyCondition)

   JndiJtaConfiguration did not match
      - @ConditionalOnClass classes found: org.springframework.transaction.jta.JtaTransactionManager (OnClassCondition)
      - JNDI environment is not available (OnJndiCondition)

   JooqAutoConfiguration did not match
      - required @ConditionalOnClass classes not found: org.jooq.DSLContext (OnClassCondition)

   LinkedInAutoConfiguration did not match
      - required @ConditionalOnClass classes not found: org.springframework.social.config.annotation.SocialConfigurerAdapter,org.springframework.social.linkedin.connect.LinkedInConnectionFactory (OnClassCondition)

   LiquibaseAutoConfiguration did not match
      - required @ConditionalOnClass classes not found: liquibase.integration.spring.SpringLiquibase (OnClassCondition)

   MailSenderAutoConfiguration did not match
      - required @ConditionalOnClass classes not found: javax.mail.internet.MimeMessage (OnClassCondition)

   MailSenderValidatorAutoConfiguration did not match
      - @ConditionalOnProperty missing required properties spring.mail.test-connection  (OnPropertyCondition)

   MessageSourceAutoConfiguration did not match
      - No bundle found for spring.messages.basename: messages (MessageSourceAutoConfiguration.ResourceBundleCondition)

   MongoAutoConfiguration did not match
      - required @ConditionalOnClass classes not found: com.mongodb.MongoClient (OnClassCondition)

   MongoDataAutoConfiguration did not match
      - required @ConditionalOnClass classes not found: com.mongodb.Mongo,org.springframework.data.mongodb.core.MongoTemplate (OnClassCondition)

   MongoRepositoriesAutoConfiguration did not match
      - required @ConditionalOnClass classes not found: com.mongodb.Mongo,org.springframework.data.mongodb.repository.MongoRepository (OnClassCondition)

   MustacheAutoConfiguration did not match
      - required @ConditionalOnClass classes not found: com.samskivert.mustache.Mustache (OnClassCondition)

   MybatisAutoConfiguration#sqlSessionFactory did not match
      - @ConditionalOnMissingBean (types: org.apache.ibatis.session.SqlSessionFactory; SearchStrategy: all) found the following [selfSqlSessionFactory] (OnBeanCondition)

   MybatisAutoConfiguration#sqlSessionTemplate did not match
      - @ConditionalOnMissingBean (types: org.mybatis.spring.SqlSessionTemplate; SearchStrategy: all) found the following [selfSqlSessionTemplate] (OnBeanCondition)

   OAuth2AutoConfiguration did not match
      - required @ConditionalOnClass classes not found: org.springframework.security.oauth2.common.OAuth2AccessToken (OnClassCondition)

   RabbitAutoConfiguration did not match
      - required @ConditionalOnClass classes not found: org.springframework.amqp.rabbit.core.RabbitTemplate,com.rabbitmq.client.Channel (OnClassCondition)

   ReactorAutoConfiguration did not match
      - required @ConditionalOnClass classes not found: reactor.spring.context.config.EnableReactor,reactor.Environment (OnClassCondition)

   RedisAutoConfiguration did not match
      - required @ConditionalOnClass classes not found: org.springframework.data.redis.connection.jedis.JedisConnection,org.springframework.data.redis.core.RedisOperations,redis.clients.jedis.Jedis (OnClassCondition)

   RepositoryRestMvcAutoConfiguration did not match
      - required @ConditionalOnClass classes not found: org.springframework.data.rest.webmvc.config.RepositoryRestMvcConfiguration (OnClassCondition)

   SecurityAutoConfiguration did not match
      - required @ConditionalOnClass classes not found: org.springframework.security.authentication.AuthenticationManager,org.springframework.security.config.annotation.authentication.configurers.GlobalAuthenticationConfigurerAdapter (OnClassCondition)

   SecurityFilterAutoConfiguration did not match
      - required @ConditionalOnClass classes not found: org.springframework.security.web.context.AbstractSecurityWebApplicationInitializer,org.springframework.security.config.http.SessionCreationPolicy (OnClassCondition)

   SendGridAutoConfiguration did not match
      - required @ConditionalOnClass classes not found: com.sendgrid.SendGrid (OnClassCondition)

   SessionAutoConfiguration did not match
      - required @ConditionalOnClass classes not found: org.springframework.session.Session (OnClassCondition)

   SitePreferenceAutoConfiguration did not match
      - required @ConditionalOnClass classes not found: org.springframework.mobile.device.site.SitePreferenceHandlerInterceptor,org.springframework.mobile.device.site.SitePreferenceHandlerMethodArgumentResolver (OnClassCondition)

   SocialWebAutoConfiguration did not match
      - required @ConditionalOnClass classes not found: org.springframework.social.connect.web.ConnectController,org.springframework.social.config.annotation.SocialConfigurerAdapter (OnClassCondition)

   SolrAutoConfiguration did not match
      - required @ConditionalOnClass classes not found: org.apache.solr.client.solrj.impl.HttpSolrServer,org.apache.solr.client.solrj.impl.CloudSolrServer,org.apache.solr.common.cloud.HashPartitioner (OnClassCondition)

   SolrRepositoriesAutoConfiguration did not match
      - required @ConditionalOnClass classes not found: org.apache.solr.client.solrj.SolrServer,org.springframework.data.solr.repository.SolrRepository (OnClassCondition)

   SpringApplicationAdminJmxAutoConfiguration did not match
      - @ConditionalOnProperty missing required properties spring.application.admin.enabled  (OnPropertyCondition)

   ThymeleafAutoConfiguration.DataAttributeDialectConfiguration did not match
      - required @ConditionalOnClass classes not found: com.github.mxab.thymeleaf.extras.dataattribute.dialect.DataAttributeDialect (OnClassCondition)

   ThymeleafAutoConfiguration.ThymeleafConditionalCommentsDialectConfiguration did not match
      - required @ConditionalOnClass classes not found: org.thymeleaf.extras.conditionalcomments.dialect.ConditionalCommentsDialect (OnClassCondition)

   ThymeleafAutoConfiguration.ThymeleafResourceHandlingConfig#resourceUrlEncodingFilter did not match
      - @ConditionalOnMissingBean (types: org.springframework.web.servlet.resource.ResourceUrlEncodingFilter; SearchStrategy: all) found no beans (OnBeanCondition)
      - Webjars locator (org.webjars.WebJarAssetLocator) is absent (OnEnabledResourceChainCondition)

   ThymeleafAutoConfiguration.ThymeleafSecurityDialectConfiguration did not match
      - required @ConditionalOnClass classes not found: org.thymeleaf.extras.springsecurity4.dialect.SpringSecurityDialect (OnClassCondition)

   TwitterAutoConfiguration did not match
      - required @ConditionalOnClass classes not found: org.springframework.social.config.annotation.SocialConfigurerAdapter,org.springframework.social.twitter.connect.TwitterConnectionFactory (OnClassCondition)

   VelocityAutoConfiguration did not match
      - required @ConditionalOnClass classes not found: org.apache.velocity.app.VelocityEngine,org.springframework.ui.velocity.VelocityEngineFactory (OnClassCondition)

   WebMvcAutoConfiguration.ResourceChainCustomizerConfiguration did not match
      - Webjars locator (org.webjars.WebJarAssetLocator) is absent (OnEnabledResourceChainCondition)

   WebMvcAutoConfiguration.WebMvcAutoConfigurationAdapter#dateFormatter did not match
      - @ConditionalOnProperty missing required properties spring.mvc.date-format  (OnPropertyCondition)

   WebMvcAutoConfiguration.WebMvcAutoConfigurationAdapter#localeResolver did not match
      - @ConditionalOnMissingBean (types: org.springframework.web.servlet.LocaleResolver; SearchStrategy: all) found no beans (OnBeanCondition)
      - @ConditionalOnProperty missing required properties spring.mvc.locale  (OnPropertyCondition)

   WebSocketAutoConfiguration.JettyWebSocketConfiguration did not match
      - required @ConditionalOnClass classes not found: org.eclipse.jetty.websocket.jsr356.server.deploy.WebSocketServerContainerInitializer (OnClassCondition)

   WebSocketAutoConfiguration.UndertowWebSocketConfiguration did not match
      - required @ConditionalOnClass classes not found: io.undertow.websockets.jsr.Bootstrap (OnClassCondition)

   WebSocketMessagingAutoConfiguration did not match
      - required @ConditionalOnClass classes not found: org.springframework.web.socket.config.annotation.WebSocketMessageBrokerConfigurer (OnClassCondition)

   XADataSourceAutoConfiguration did not match
      - @ConditionalOnClass classes found: javax.sql.DataSource,javax.transaction.TransactionManager,org.springframework.jdbc.datasource.embedded.EmbeddedDatabaseType (OnClassCondition)
      - @ConditionalOnBean (types: org.springframework.boot.jta.XADataSourceWrapper; SearchStrategy: all) found no beans (OnBeanCondition)


Exclusions:
-----------

    None


Unconditional classes:
----------------------

   org.springframework.boot.autoconfigure.PropertyPlaceholderAutoConfiguration

   org.springframework.boot.autoconfigure.context.ConfigurationPropertiesAutoConfiguration



2017-1-24 09:19:13 main INFO Tomcat started on port(s): 8080 (http)
2017-1-24 09:19:19 http-nio-8080-exec-1 DEBUG Bound request context to thread: org.apache.catalina.connector.RequestFacade@152ece5
2017-1-24 09:19:19 http-nio-8080-exec-1 DEBUG Cleared thread-bound request context: org.apache.catalina.connector.RequestFacade@152ece5
2017-1-24 09:19:19 http-nio-8080-exec-2 DEBUG Bound request context to thread: org.apache.catalina.connector.RequestFacade@152ece5
2017-1-24 09:19:20 http-nio-8080-exec-2 DEBUG Cleared thread-bound request context: org.apache.catalina.connector.RequestFacade@152ece5
2017-1-24 09:19:29 http-nio-8080-exec-3 DEBUG Bound request context to thread: org.apache.catalina.connector.RequestFacade@152ece5
2017-1-24 09:19:30 http-nio-8080-exec-3 DEBUG Cleared thread-bound request context: org.apache.catalina.connector.RequestFacade@152ece5
2017-1-24 09:19:30 http-nio-8080-exec-4 DEBUG Bound request context to thread: org.apache.catalina.connector.RequestFacade@152ece5
2017-1-24 09:19:30 http-nio-8080-exec-4 DEBUG Cleared thread-bound request context: org.apache.catalina.connector.RequestFacade@152ece5
2017-1-24 09:19:35 http-nio-8080-exec-5 DEBUG Bound request context to thread: org.apache.catalina.connector.RequestFacade@152ece5
2017-1-24 09:19:35 http-nio-8080-exec-5 DEBUG Cleared thread-bound request context: org.apache.catalina.connector.RequestFacade@152ece5
2017-1-24 09:19:38 http-nio-8080-exec-6 DEBUG Bound request context to thread: org.apache.catalina.connector.RequestFacade@152ece5
2017-1-24 09:19:38 http-nio-8080-exec-6 DEBUG Cleared thread-bound request context: org.apache.catalina.connector.RequestFacade@152ece5
2017-1-24 09:19:41 http-nio-8080-exec-7 DEBUG Bound request context to thread: org.apache.catalina.connector.RequestFacade@152ece5
2017-1-24 09:19:41 http-nio-8080-exec-7 DEBUG Cleared thread-bound request context: org.apache.catalina.connector.RequestFacade@152ece5
2017-1-24 09:19:44 http-nio-8080-exec-8 DEBUG Bound request context to thread: org.apache.catalina.connector.RequestFacade@152ece5
2017-1-24 09:19:44 http-nio-8080-exec-8 DEBUG Cleared thread-bound request context: org.apache.catalina.connector.RequestFacade@152ece5
2017-1-24 09:19:44 http-nio-8080-exec-9 DEBUG Bound request context to thread: org.apache.catalina.connector.RequestFacade@152ece5
2017-1-24 09:19:44 http-nio-8080-exec-9 DEBUG Cleared thread-bound request context: org.apache.catalina.connector.RequestFacade@152ece5
2017-1-24 09:19:44 http-nio-8080-exec-10 DEBUG Bound request context to thread: org.apache.catalina.connector.RequestFacade@152ece5
2017-1-24 09:19:44 http-nio-8080-exec-1 DEBUG Bound request context to thread: org.apache.catalina.connector.RequestFacade@6a43af
2017-1-24 09:19:44 http-nio-8080-exec-6 DEBUG Bound request context to thread: org.apache.catalina.connector.RequestFacade@1ce9fc1
2017-1-24 09:19:44 http-nio-8080-exec-5 DEBUG Bound request context to thread: org.apache.catalina.connector.RequestFacade@120a298
2017-1-24 09:19:44 http-nio-8080-exec-2 DEBUG Bound request context to thread: org.apache.catalina.connector.RequestFacade@1f6fb4
2017-1-24 09:19:44 http-nio-8080-exec-4 DEBUG Bound request context to thread: org.apache.catalina.connector.RequestFacade@1b81d11
2017-1-24 09:19:44 http-nio-8080-exec-7 DEBUG Bound request context to thread: org.apache.catalina.connector.RequestFacade@6792c
2017-1-24 09:19:44 http-nio-8080-exec-8 DEBUG Bound request context to thread: org.apache.catalina.connector.RequestFacade@1219aa3
2017-1-24 09:19:44 http-nio-8080-exec-3 DEBUG Bound request context to thread: org.apache.catalina.connector.RequestFacade@1a70eff
2017-1-24 09:19:44 http-nio-8080-exec-10 DEBUG Cleared thread-bound request context: org.apache.catalina.connector.RequestFacade@152ece5
2017-1-24 09:19:44 http-nio-8080-exec-9 DEBUG Bound request context to thread: org.apache.catalina.connector.RequestFacade@152ece5
2017-1-24 09:19:44 http-nio-8080-exec-8 DEBUG Cleared thread-bound request context: org.apache.catalina.connector.RequestFacade@1219aa3
2017-1-24 09:19:44 http-nio-8080-exec-10 DEBUG Bound request context to thread: org.apache.catalina.connector.RequestFacade@1219aa3
2017-1-24 09:19:44 http-nio-8080-exec-9 DEBUG Cleared thread-bound request context: org.apache.catalina.connector.RequestFacade@152ece5
2017-1-24 09:19:44 http-nio-8080-exec-8 DEBUG Bound request context to thread: org.apache.catalina.connector.RequestFacade@152ece5
2017-1-24 09:19:44 http-nio-8080-exec-3 DEBUG Cleared thread-bound request context: org.apache.catalina.connector.RequestFacade@1a70eff
2017-1-24 09:19:44 http-nio-8080-exec-8 DEBUG Cleared thread-bound request context: org.apache.catalina.connector.RequestFacade@152ece5
2017-1-24 09:19:44 http-nio-8080-exec-7 DEBUG Cleared thread-bound request context: org.apache.catalina.connector.RequestFacade@6792c
2017-1-24 09:19:44 http-nio-8080-exec-5 DEBUG Cleared thread-bound request context: org.apache.catalina.connector.RequestFacade@120a298
2017-1-24 09:19:45 http-nio-8080-exec-6 DEBUG Cleared thread-bound request context: org.apache.catalina.connector.RequestFacade@1ce9fc1
2017-1-24 09:19:45 http-nio-8080-exec-2 DEBUG Cleared thread-bound request context: org.apache.catalina.connector.RequestFacade@1f6fb4
2017-1-24 09:19:45 http-nio-8080-exec-4 DEBUG Cleared thread-bound request context: org.apache.catalina.connector.RequestFacade@1b81d11
2017-1-24 09:19:45 http-nio-8080-exec-1 DEBUG Cleared thread-bound request context: org.apache.catalina.connector.RequestFacade@6a43af
2017-1-24 09:19:45 http-nio-8080-exec-10 DEBUG Cleared thread-bound request context: org.apache.catalina.connector.RequestFacade@1219aa3
2017-1-24 09:19:48 http-nio-8080-exec-9 DEBUG Bound request context to thread: org.apache.catalina.connector.RequestFacade@1219aa3
2017-1-24 09:19:48 http-nio-8080-exec-9 DEBUG Cleared thread-bound request context: org.apache.catalina.connector.RequestFacade@1219aa3
2017-1-24 09:19:48 http-nio-8080-exec-3 DEBUG Bound request context to thread: org.apache.catalina.connector.RequestFacade@1219aa3
2017-1-24 09:19:48 http-nio-8080-exec-3 DEBUG Cleared thread-bound request context: org.apache.catalina.connector.RequestFacade@1219aa3
2017-1-24 09:19:50 http-nio-8080-exec-8 DEBUG Bound request context to thread: org.apache.catalina.connector.RequestFacade@1219aa3
2017-1-24 09:19:50 http-nio-8080-exec-8 DEBUG Cleared thread-bound request context: org.apache.catalina.connector.RequestFacade@1219aa3
2017-1-24 09:19:53 http-nio-8080-exec-7 DEBUG Bound request context to thread: org.apache.catalina.connector.RequestFacade@1219aa3
2017-1-24 09:19:53 http-nio-8080-exec-7 DEBUG Cleared thread-bound request context: org.apache.catalina.connector.RequestFacade@1219aa3
2017-1-24 09:19:53 http-nio-8080-exec-5 DEBUG Bound request context to thread: org.apache.catalina.connector.RequestFacade@1219aa3
2017-1-24 09:19:53 http-nio-8080-exec-5 DEBUG Cleared thread-bound request context: org.apache.catalina.connector.RequestFacade@1219aa3
